2025-06-26 16:22:32,157 - INFO - Fetching data for: ^GSPC
2025-06-26 16:22:33,844 - INFO - Fetching data for: ^TNX
2025-06-26 16:22:34,922 - INFO - Fetching data for: DX-Y.NYB
2025-06-26 16:22:36,376 - INFO - Fetching data for: CL=F
2025-06-26 16:22:37,014 - INFO - Fetching data for: HG=F
2025-06-26 16:22:37,641 - INFO - Fetching data for: GC=F
2025-06-26 16:22:38,282 - INFO - Fetching data for: ^VIX
2025-06-26 16:22:38,860 - INFO - Fetching data for: RSP
2025-06-26 17:53:45,225 - INFO - Fetching data for: ^GSPC
2025-06-26 17:53:46,853 - INFO - Fetching data for: ^TNX
2025-06-26 17:53:47,428 - INFO - Fetching data for: DX-Y.NYB
2025-06-26 17:53:48,912 - INFO - Fetching data for: CL=F
2025-06-26 17:53:49,557 - INFO - Fetching data for: HG=F
2025-06-26 17:53:51,037 - INFO - Fetching data for: GC=F
2025-06-26 17:53:52,569 - INFO - Fetching data for: ^VIX
2025-06-26 17:53:53,163 - INFO - Fetching data for: RSP
2025-07-03 16:09:35,880 - INFO - Fetching data for: ^GSPC
2025-07-03 16:09:36,615 - INFO - Fetching data for: ^TNX
2025-07-03 16:09:37,802 - INFO - Fetching data for: DX-Y.NYB
2025-07-03 16:09:38,818 - INFO - Fetching data for: CL=F
2025-07-03 16:09:39,458 - INFO - Fetching data for: HG=F
2025-07-03 16:09:40,084 - INFO - Fetching data for: GC=F
2025-07-03 16:09:40,755 - INFO - Fetching data for: ^VIX
2025-07-03 16:09:42,247 - INFO - Fetching data for: RSP
2025-07-03 16:11:16,983 - INFO - Fetching data for: ^GSPC
2025-07-03 16:11:18,664 - INFO - Fetching data for: ^TNX
2025-07-03 16:11:19,780 - INFO - Fetching data for: DX-Y.NYB
2025-07-03 16:11:21,019 - INFO - Fetching data for: CL=F
2025-07-03 16:11:21,725 - INFO - Fetching data for: HG=F
2025-07-03 16:11:22,632 - INFO - Fetching data for: GC=F
2025-07-03 16:11:23,621 - INFO - Fetching data for: ^VIX
2025-07-03 16:11:24,425 - INFO - Fetching data for: RSP
2025-07-03 16:21:39,799 - INFO - Fetching data for: ^GSPC
2025-07-03 16:21:40,085 - INFO - Fetching data for: ^TNX
2025-07-03 16:21:40,324 - INFO - Fetching data for: DX-Y.NYB
2025-07-03 16:21:40,578 - INFO - Fetching data for: CL=F
2025-07-03 16:21:52,254 - INFO - Fetching data for: ^GSPC
2025-07-03 16:21:52,934 - INFO - Fetching data for: ^TNX
2025-07-03 16:21:53,497 - INFO - Fetching data for: DX-Y.NYB
2025-07-03 16:21:54,169 - INFO - Fetching data for: CL=F
2025-07-03 16:21:54,809 - INFO - Fetching data for: HG=F
2025-07-03 16:21:55,450 - INFO - Fetching data for: GC=F
2025-07-03 16:21:56,997 - INFO - Fetching data for: ^VIX
2025-07-03 16:21:58,372 - INFO - Fetching data for: RSP
2025-07-03 17:00:18,050 - INFO - Fetching data for: ^GSPC
2025-07-03 17:00:18,722 - INFO - Fetching data for: ^TNX
2025-07-03 17:00:19,926 - INFO - Fetching data for: DX-Y.NYB
2025-07-03 17:00:20,551 - INFO - Fetching data for: CL=F
2025-07-03 17:00:21,191 - INFO - Fetching data for: HG=F
2025-07-03 17:00:21,878 - INFO - Fetching data for: GC=F
2025-07-03 17:00:22,738 - INFO - Fetching data for: ^VIX
2025-07-03 17:00:24,102 - INFO - Fetching data for: RSP
2025-07-03 17:04:42,265 - INFO - Fetching data for: ^GSPC
2025-07-03 17:04:45,926 - INFO - Fetching data for: ^TNX
2025-07-03 17:04:46,941 - INFO - Fetching data for: DX-Y.NYB
2025-07-03 17:04:48,043 - INFO - Fetching data for: CL=F
2025-07-03 17:04:48,735 - INFO - Fetching data for: HG=F
2025-07-03 17:04:50,644 - INFO - Fetching data for: GC=F
2025-07-03 17:04:52,972 - INFO - Fetching data for: ^VIX
2025-07-03 17:04:53,690 - INFO - Fetching data for: RSP
2025-07-03 17:12:18,916 - INFO - Fetching data for: ^GSPC
2025-07-03 17:12:19,666 - INFO - Fetching data for: ^TNX
2025-07-03 17:12:20,276 - INFO - Fetching data for: DX-Y.NYB
2025-07-03 17:12:22,357 - INFO - Fetching data for: CL=F
2025-07-03 17:12:23,042 - INFO - Fetching data for: HG=F
2025-07-03 17:12:23,683 - INFO - Fetching data for: GC=F
2025-07-03 17:12:24,323 - INFO - Fetching data for: ^VIX
2025-07-03 17:12:24,963 - INFO - Fetching data for: RSP
2025-07-03 17:13:20,589 - INFO - Fetching data for: ^GSPC
2025-07-03 17:13:21,323 - INFO - Fetching data for: ^TNX
2025-07-03 17:13:21,886 - INFO - Fetching data for: DX-Y.NYB
2025-07-03 17:13:23,308 - INFO - Fetching data for: CL=F
2025-07-03 17:13:23,980 - INFO - Fetching data for: HG=F
2025-07-03 17:13:24,620 - INFO - Fetching data for: GC=F
2025-07-03 17:13:26,167 - INFO - Fetching data for: ^VIX
2025-07-03 17:13:26,761 - INFO - Fetching data for: RSP
2025-07-08 17:57:31,226 - INFO - Fetching data for: ^GSPC
2025-07-08 17:57:31,918 - INFO - Fetching data for: ^TNX
2025-07-08 17:57:32,555 - INFO - Fetching data for: DX-Y.NYB
2025-07-08 17:57:33,236 - INFO - Fetching data for: CL=F
2025-07-08 17:57:33,847 - INFO - Fetching data for: HG=F
2025-07-08 17:57:34,453 - INFO - Fetching data for: GC=F
2025-07-08 17:57:35,158 - INFO - Fetching data for: ^VIX
2025-07-08 17:57:35,724 - INFO - Fetching data for: RSP
2025-07-08 18:01:11,794 - INFO - Fetching data for: ^GSPC
2025-07-08 18:01:12,495 - INFO - Fetching data for: ^TNX
2025-07-08 18:01:13,646 - INFO - Fetching data for: DX-Y.NYB
2025-07-08 18:01:15,092 - INFO - Fetching data for: CL=F
2025-07-08 18:01:16,504 - INFO - Fetching data for: HG=F
2025-07-08 18:01:18,046 - INFO - Fetching data for: GC=F
2025-07-08 18:01:18,720 - INFO - Fetching data for: ^VIX
2025-07-08 18:01:19,294 - INFO - Fetching data for: RSP
2025-07-09 11:41:18,734 - INFO - Fetching data for: ^GSPC
2025-07-09 11:41:19,458 - INFO - Fetching data for: ^TNX
2025-07-09 11:41:20,060 - INFO - Fetching data for: DX-Y.NYB
2025-07-09 11:41:21,551 - INFO - Fetching data for: CL=F
2025-07-09 11:41:22,195 - INFO - Fetching data for: HG=F
2025-07-09 11:41:23,649 - INFO - Fetching data for: GC=F
2025-07-09 11:41:25,105 - INFO - Fetching data for: ^VIX
2025-07-09 11:41:25,692 - INFO - Fetching data for: RSP
2025-07-09 11:48:48,075 - INFO - Fetching data for: ^GSPC
2025-07-09 11:48:49,589 - INFO - Fetching data for: ^TNX
2025-07-09 11:48:50,169 - INFO - Fetching data for: DX-Y.NYB
2025-07-09 11:48:51,573 - INFO - Fetching data for: CL=F
2025-07-09 11:48:53,019 - INFO - Fetching data for: HG=F
2025-07-09 11:48:53,799 - INFO - Fetching data for: GC=F
2025-07-09 11:48:54,396 - INFO - Fetching data for: ^VIX
2025-07-09 11:48:55,618 - INFO - Fetching data for: RSP
2025-07-10 12:37:23,184 - INFO - Fetching data for: ^GSPC
2025-07-10 12:37:23,747 - INFO - Fetching data for: ^TNX
2025-07-10 12:37:24,486 - INFO - Fetching data for: DX-Y.NYB
2025-07-10 12:37:25,071 - INFO - Fetching data for: CL=F
2025-07-10 12:37:25,585 - INFO - Fetching data for: HG=F
2025-07-10 12:37:26,749 - INFO - Fetching data for: GC=F
2025-07-10 12:37:27,261 - INFO - Fetching data for: ^VIX
2025-07-10 12:37:27,735 - INFO - Fetching data for: RSP
2025-07-10 12:39:56,232 - INFO - Fetching data for: ^GSPC
2025-07-10 12:39:56,787 - INFO - Fetching data for: ^TNX
2025-07-10 12:39:57,239 - INFO - Fetching data for: DX-Y.NYB
2025-07-10 12:39:57,764 - INFO - Fetching data for: CL=F
2025-07-10 12:39:58,279 - INFO - Fetching data for: HG=F
2025-07-10 12:39:58,797 - INFO - Fetching data for: GC=F
2025-07-10 12:39:59,317 - INFO - Fetching data for: ^VIX
2025-07-10 12:39:59,793 - INFO - Fetching data for: RSP
2025-07-10 12:41:59,190 - INFO - Fetching data for: ^GSPC
2025-07-10 12:41:59,791 - INFO - Fetching data for: ^TNX
2025-07-10 12:42:00,335 - INFO - Fetching data for: DX-Y.NYB
2025-07-10 12:42:00,871 - INFO - Fetching data for: CL=F
2025-07-10 12:42:02,357 - INFO - Fetching data for: HG=F
2025-07-10 12:42:02,886 - INFO - Fetching data for: GC=F
2025-07-10 12:42:03,414 - INFO - Fetching data for: ^VIX
2025-07-10 12:42:03,900 - INFO - Fetching data for: RSP
2025-07-10 12:45:56,148 - INFO - Fetching data for: ^GSPC
2025-07-10 12:45:56,758 - INFO - Fetching data for: ^TNX
2025-07-10 12:45:57,212 - INFO - Fetching data for: DX-Y.NYB
2025-07-10 12:45:57,755 - INFO - Fetching data for: CL=F
2025-07-10 12:45:58,283 - INFO - Fetching data for: HG=F
2025-07-10 12:45:58,801 - INFO - Fetching data for: GC=F
2025-07-10 12:45:59,319 - INFO - Fetching data for: ^VIX
2025-07-10 12:45:59,807 - INFO - Fetching data for: RSP
2025-07-10 13:29:36,219 - INFO - Fetching data for: ^GSPC
2025-07-10 13:29:37,255 - INFO - Fetching data for: ^TNX
2025-07-10 13:29:37,747 - INFO - Fetching data for: DX-Y.NYB
2025-07-10 13:29:38,384 - INFO - Fetching data for: CL=F
2025-07-10 13:29:38,919 - INFO - Fetching data for: HG=F
2025-07-10 13:29:39,429 - INFO - Fetching data for: GC=F
2025-07-10 13:29:39,939 - INFO - Fetching data for: ^VIX
2025-07-10 13:29:40,452 - INFO - Fetching data for: RSP
2025-07-10 13:46:46,417 - INFO - Fetching data for: ^GSPC
2025-07-10 13:46:47,038 - INFO - Fetching data for: ^TNX
2025-07-10 13:46:47,496 - INFO - Fetching data for: DX-Y.NYB
2025-07-10 13:46:48,034 - INFO - Fetching data for: CL=F
2025-07-10 13:46:48,549 - INFO - Fetching data for: HG=F
2025-07-10 13:46:49,068 - INFO - Fetching data for: GC=F
2025-07-10 13:46:49,590 - INFO - Fetching data for: ^VIX
2025-07-10 13:46:50,073 - INFO - Fetching data for: RSP
2025-07-10 13:57:02,155 - INFO - Fetching data for: ^GSPC
2025-07-10 13:57:02,746 - INFO - Fetching data for: ^TNX
2025-07-10 13:57:03,210 - INFO - Fetching data for: DX-Y.NYB
2025-07-10 13:57:03,744 - INFO - Fetching data for: CL=F
2025-07-10 13:57:04,252 - INFO - Fetching data for: HG=F
2025-07-10 13:57:04,773 - INFO - Fetching data for: GC=F
2025-07-10 13:57:05,282 - INFO - Fetching data for: ^VIX
2025-07-10 13:57:05,796 - INFO - Fetching data for: RSP
2025-07-10 14:05:47,936 - INFO - Fetching data for: ^GSPC
2025-07-10 14:05:48,524 - INFO - Fetching data for: ^TNX
2025-07-10 14:05:48,987 - INFO - Fetching data for: DX-Y.NYB
2025-07-10 14:05:49,526 - INFO - Fetching data for: CL=F
2025-07-10 14:05:50,058 - INFO - Fetching data for: HG=F
2025-07-10 14:05:50,582 - INFO - Fetching data for: GC=F
2025-07-10 14:05:51,099 - INFO - Fetching data for: ^VIX
2025-07-10 14:05:51,585 - INFO - Fetching data for: RSP
2025-07-10 14:19:03,801 - INFO - Fetching data for: ^GSPC
2025-07-10 14:19:04,411 - INFO - Fetching data for: ^TNX
2025-07-10 14:19:04,855 - INFO - Fetching data for: DX-Y.NYB
2025-07-10 14:19:05,387 - INFO - Fetching data for: CL=F
2025-07-10 14:19:05,925 - INFO - Fetching data for: HG=F
2025-07-10 14:19:06,443 - INFO - Fetching data for: GC=F
2025-07-10 14:19:06,967 - INFO - Fetching data for: ^VIX
2025-07-10 14:19:07,451 - INFO - Fetching data for: RSP
2025-07-10 14:20:50,261 - INFO - Fetching data for: ^GSPC
2025-07-10 14:20:50,970 - INFO - Fetching data for: ^TNX
2025-07-10 14:20:51,417 - INFO - Fetching data for: DX-Y.NYB
2025-07-10 14:20:51,954 - INFO - Fetching data for: CL=F
2025-07-10 14:20:52,466 - INFO - Fetching data for: HG=F
2025-07-10 14:20:52,983 - INFO - Fetching data for: GC=F
2025-07-10 14:20:53,496 - INFO - Fetching data for: ^VIX
2025-07-10 14:20:53,978 - INFO - Fetching data for: RSP
2025-07-10 14:23:13,502 - INFO - Fetching data for: ^GSPC
2025-07-10 14:23:14,105 - INFO - Fetching data for: ^TNX
2025-07-10 14:23:14,557 - INFO - Fetching data for: DX-Y.NYB
2025-07-10 14:23:15,081 - INFO - Fetching data for: CL=F
2025-07-10 14:23:15,593 - INFO - Fetching data for: HG=F
2025-07-10 14:23:16,102 - INFO - Fetching data for: GC=F
2025-07-10 14:23:16,623 - INFO - Fetching data for: ^VIX
2025-07-10 14:23:17,800 - INFO - Fetching data for: RSP
2025-07-10 14:24:29,063 - INFO - Fetching data for: ^GSPC
2025-07-10 14:24:29,644 - INFO - Fetching data for: ^TNX
2025-07-10 14:24:30,077 - INFO - Fetching data for: DX-Y.NYB
2025-07-10 14:24:30,593 - INFO - Fetching data for: CL=F
2025-07-10 14:24:31,099 - INFO - Fetching data for: HG=F
2025-07-10 14:24:31,608 - INFO - Fetching data for: GC=F
2025-07-10 14:24:32,124 - INFO - Fetching data for: ^VIX
2025-07-10 14:24:32,594 - INFO - Fetching data for: RSP
